<?xml version="1.0" encoding="UTF-8"?>
<testng-results skipped="0" failed="0" ignored="0" total="1" passed="1">
  <reporter-output>
  </reporter-output>
  <suite name="Default suite" duration-ms="9834" started-at="2017-10-12T19:15:32Z" finished-at="2017-10-12T19:15:42Z">
    <groups>
    </groups>
    <test name="Default test" duration-ms="9834" started-at="2017-10-12T19:15:32Z" finished-at="2017-10-12T19:15:42Z">
      <class name="com.sathish.testing.sample.Hello">
        <test-method status="PASS" signature="testApp()[pri:0, instance:com.sathish.testing.sample.Hello@66a3ffec]" name="testApp" duration-ms="9812" started-at="2017-10-13T00:45:32Z" finished-at="2017-10-13T00:45:42Z">
          <reporter-output>
          </reporter-output>
        </test-method> <!-- testApp -->
      </class> <!-- com.sathish.testing.sample.Hello -->
    </test> <!-- Default test -->
  </suite> <!-- Default suite -->
</testng-results>
